<?xml version="1.0" encoding="UTF-8"?>
<!-- Generated by org.testng.reporters.JUnitReportReporter -->
<testsuite skipped="0" hostname="DESKTOP-27L8JE7" name="com.demoproject.SampleCRM.suiteB.TestX" tests="1" failures="0" timestamp="23 Nov 2020 06:16:58 GMT" time="2.695" errors="0">
  <testcase name="f" time="2.695" classname="com.demoproject.SampleCRM.suiteB.TestX"/>
</testsuite> <!-- com.demoproject.SampleCRM.suiteB.TestX -->
