<?xml version="1.0" encoding="UTF-8"?>
<!-- Generated by org.testng.reporters.JUnitReportReporter -->
<testsuite skipped="0" hostname="DESKTOP-27L8JE7" name="com.demoproject.SampleCRM.suiteA.LoginTest" tests="1" failures="0" timestamp="23 Nov 2020 06:15:40 GMT" time="3.199" errors="0">
  <testcase name="f" time="3.199" classname="com.demoproject.SampleCRM.suiteA.LoginTest"/>
</testsuite> <!-- com.demoproject.SampleCRM.suiteA.LoginTest -->
